build/app/intermediates/manifest_merge_blame_file/debug/manifest-merger-blame-debug-report.txt
1<?xml version="1.0" encoding="utf-8"?>
2<manifest xmlns:android="http://schemas.android.com/apk/res/android"
3    package="com.example.link_up"
4    android:versionCode="1"
5    android:versionName="1.0.0" >
6
7    <uses-sdk
8        android:minSdkVersion="21"
9        android:targetSdkVersion="35" />
10    <!--
11         The INTERNET permission is required for development. Specifically,
12         the Flutter tool needs it to communicate with the running application
13         to allow setting breakpoints, to provide hot reload, etc.
14    -->
15    <uses-permission android:name="android.permission.INTERNET" />
15-->src\main\AndroidManifest.xml:2:5-67
15-->src\main\AndroidManifest.xml:2:22-64
16    <!--
17     Required to query activities that can process text, see:
18         https://developer.android.com/training/package-visibility and
19         https://developer.android.com/reference/android/content/Intent#ACTION_PROCESS_TEXT.
20
21         In particular, this is used by the Flutter engine in io.flutter.plugin.text.ProcessTextPlugin.
22    -->
23    <queries>
23-->src\main\AndroidManifest.xml:41:5-46:15
24        <intent>
24-->src\main\AndroidManifest.xml:42:9-45:18
25            <action android:name="android.intent.action.PROCESS_TEXT" />
25-->src\main\AndroidManifest.xml:43:13-72
25-->src\main\AndroidManifest.xml:43:21-70
26
27            <data android:mimeType="text/plain" />
27-->src\main\AndroidManifest.xml:44:13-50
27-->src\main\AndroidManifest.xml:44:19-48
28        </intent>
29        <intent>
29-->[:file_picker] AndroidManifest.xml:8:9-12:18
30            <action android:name="android.intent.action.GET_CONTENT" />
30-->[:file_picker] AndroidManifest.xml:9:13-72
30-->[:file_picker] AndroidManifest.xml:9:21-69
31
32            <data android:mimeType="*/*" />
32-->src\main\AndroidManifest.xml:44:13-50
32-->src\main\AndroidManifest.xml:44:19-48
33        </intent>
34    </queries>
35
36    <uses-permission android:name="android.permission.ACCESS_NETWORK_STATE" />
36-->[androidx.media3:media3-common:1.4.1] AndroidManifest.xml:22:5-79
36-->[androidx.media3:media3-common:1.4.1] AndroidManifest.xml:22:22-76
37
38    <permission
38-->[androidx.core:core:1.13.1] AndroidManifest.xml:22:5-24:47
39        android:name="com.example.link_up.DYNAMIC_RECEIVER_NOT_EXPORTED_PERMISSION"
39-->[androidx.core:core:1.13.1] AndroidManifest.xml:23:9-81
40        android:protectionLevel="signature" />
40-->[androidx.core:core:1.13.1] AndroidManifest.xml:24:9-44
41
42    <uses-permission android:name="com.example.link_up.DYNAMIC_RECEIVER_NOT_EXPORTED_PERMISSION" />
42-->[androidx.core:core:1.13.1] AndroidManifest.xml:26:5-97
42-->[androidx.core:core:1.13.1] AndroidManifest.xml:26:22-94
43
44    <application
45        android:name="android.app.Application"
46        android:appComponentFactory="androidx.core.app.CoreComponentFactory"
46-->[androidx.core:core:1.13.1] AndroidManifest.xml:28:18-86
47        android:debuggable="true"
48        android:extractNativeLibs="true"
49        android:icon="@mipmap/ic_launcher"
50        android:label="link_up" >
51        <activity
52            android:name="com.example.link_up.MainActivity"
53            android:configChanges="orientation|keyboardHidden|keyboard|screenSize|smallestScreenSize|locale|layoutDirection|fontScale|screenLayout|density|uiMode"
54            android:exported="true"
55            android:hardwareAccelerated="true"
56            android:launchMode="singleTop"
57            android:screenOrientation="portrait"
58            android:taskAffinity=""
59            android:theme="@style/LaunchTheme"
60            android:windowSoftInputMode="adjustResize" >
61
62            <!--
63                 Specifies an Android theme to apply to this Activity as soon as
64                 the Android process has started. This theme is visible to the user
65                 while the Flutter UI initializes. After that, this theme continues
66                 to determine the Window background behind the Flutter UI.
67            -->
68            <meta-data
69                android:name="io.flutter.embedding.android.NormalTheme"
70                android:resource="@style/NormalTheme" />
71
72            <intent-filter>
73                <action android:name="android.intent.action.MAIN" />
74
75                <category android:name="android.intent.category.LAUNCHER" />
76            </intent-filter>
77        </activity>
78        <!--
79             Don't delete the meta-data below.
80             This is used by the Flutter tool to generate GeneratedPluginRegistrant.java
81        -->
82        <meta-data
83            android:name="flutterEmbedding"
84            android:value="2" />
85
86        <provider
86-->[:image_picker_android] AndroidManifest.xml:9:9-17:20
87            android:name="io.flutter.plugins.imagepicker.ImagePickerFileProvider"
87-->[:image_picker_android] AndroidManifest.xml:10:13-82
88            android:authorities="com.example.link_up.flutter.image_provider"
88-->[:image_picker_android] AndroidManifest.xml:11:13-74
89            android:exported="false"
89-->[:image_picker_android] AndroidManifest.xml:12:13-37
90            android:grantUriPermissions="true" >
90-->[:image_picker_android] AndroidManifest.xml:13:13-47
91            <meta-data
91-->[:image_picker_android] AndroidManifest.xml:14:13-16:75
92                android:name="android.support.FILE_PROVIDER_PATHS"
92-->[:image_picker_android] AndroidManifest.xml:15:17-67
93                android:resource="@xml/flutter_image_picker_file_paths" />
93-->[:image_picker_android] AndroidManifest.xml:16:17-72
94        </provider> <!-- Trigger Google Play services to install the backported photo picker module. -->
95        <service
95-->[:image_picker_android] AndroidManifest.xml:19:9-31:19
96            android:name="com.google.android.gms.metadata.ModuleDependencies"
96-->[:image_picker_android] AndroidManifest.xml:20:13-78
97            android:enabled="false"
97-->[:image_picker_android] AndroidManifest.xml:21:13-36
98            android:exported="false" >
98-->[:image_picker_android] AndroidManifest.xml:22:13-37
99            <intent-filter>
99-->[:image_picker_android] AndroidManifest.xml:24:13-26:29
100                <action android:name="com.google.android.gms.metadata.MODULE_DEPENDENCIES" />
100-->[:image_picker_android] AndroidManifest.xml:25:17-94
100-->[:image_picker_android] AndroidManifest.xml:25:25-91
101            </intent-filter>
102
103            <meta-data
103-->[:image_picker_android] AndroidManifest.xml:28:13-30:36
104                android:name="photopicker_activity:0:required"
104-->[:image_picker_android] AndroidManifest.xml:29:17-63
105                android:value="" />
105-->[:image_picker_android] AndroidManifest.xml:30:17-33
106        </service>
107
108        <activity
108-->[:url_launcher_android] AndroidManifest.xml:8:9-11:74
109            android:name="io.flutter.plugins.urllauncher.WebViewActivity"
109-->[:url_launcher_android] AndroidManifest.xml:9:13-74
110            android:exported="false"
110-->[:url_launcher_android] AndroidManifest.xml:10:13-37
111            android:theme="@android:style/Theme.NoTitleBar.Fullscreen" />
111-->[:url_launcher_android] AndroidManifest.xml:11:13-71
112
113        <uses-library
113-->[androidx.window:window:1.2.0] AndroidManifest.xml:23:9-25:40
114            android:name="androidx.window.extensions"
114-->[androidx.window:window:1.2.0] AndroidManifest.xml:24:13-54
115            android:required="false" />
115-->[androidx.window:window:1.2.0] AndroidManifest.xml:25:13-37
116        <uses-library
116-->[androidx.window:window:1.2.0] AndroidManifest.xml:26:9-28:40
117            android:name="androidx.window.sidecar"
117-->[androidx.window:window:1.2.0] AndroidManifest.xml:27:13-51
118            android:required="false" />
118-->[androidx.window:window:1.2.0] AndroidManifest.xml:28:13-37
119
120        <provider
120-->[androidx.lifecycle:lifecycle-process:2.7.0] AndroidManifest.xml:24:9-32:20
121            android:name="androidx.startup.InitializationProvider"
121-->[androidx.lifecycle:lifecycle-process:2.7.0] AndroidManifest.xml:25:13-67
122            android:authorities="com.example.link_up.androidx-startup"
122-->[androidx.lifecycle:lifecycle-process:2.7.0] AndroidManifest.xml:26:13-68
123            android:exported="false" >
123-->[androidx.lifecycle:lifecycle-process:2.7.0] AndroidManifest.xml:27:13-37
124            <meta-data
124-->[androidx.lifecycle:lifecycle-process:2.7.0] AndroidManifest.xml:29:13-31:52
125                android:name="androidx.lifecycle.ProcessLifecycleInitializer"
125-->[androidx.lifecycle:lifecycle-process:2.7.0] AndroidManifest.xml:30:17-78
126                android:value="androidx.startup" />
126-->[androidx.lifecycle:lifecycle-process:2.7.0] AndroidManifest.xml:31:17-49
127            <meta-data
127-->[androidx.profileinstaller:profileinstaller:1.3.1] AndroidManifest.xml:29:13-31:52
128                android:name="androidx.profileinstaller.ProfileInstallerInitializer"
128-->[androidx.profileinstaller:profileinstaller:1.3.1] AndroidManifest.xml:30:17-85
129                android:value="androidx.startup" />
129-->[androidx.profileinstaller:profileinstaller:1.3.1] AndroidManifest.xml:31:17-49
130        </provider>
131
132        <receiver
132-->[androidx.profileinstaller:profileinstaller:1.3.1] AndroidManifest.xml:34:9-52:20
133            android:name="androidx.profileinstaller.ProfileInstallReceiver"
133-->[androidx.profileinstaller:profileinstaller:1.3.1] AndroidManifest.xml:35:13-76
134            android:directBootAware="false"
134-->[androidx.profileinstaller:profileinstaller:1.3.1] AndroidManifest.xml:36:13-44
135            android:enabled="true"
135-->[androidx.profileinstaller:profileinstaller:1.3.1] AndroidManifest.xml:37:13-35
136            android:exported="true"
136-->[androidx.profileinstaller:profileinstaller:1.3.1] AndroidManifest.xml:38:13-36
137            android:permission="android.permission.DUMP" >
137-->[androidx.profileinstaller:profileinstaller:1.3.1] AndroidManifest.xml:39:13-57
138            <intent-filter>
138-->[androidx.profileinstaller:profileinstaller:1.3.1] AndroidManifest.xml:40:13-42:29
139                <action android:name="androidx.profileinstaller.action.INSTALL_PROFILE" />
139-->[androidx.profileinstaller:profileinstaller:1.3.1] AndroidManifest.xml:41:17-91
139-->[androidx.profileinstaller:profileinstaller:1.3.1] AndroidManifest.xml:41:25-88
140            </intent-filter>
141            <intent-filter>
141-->[androidx.profileinstaller:profileinstaller:1.3.1] AndroidManifest.xml:43:13-45:29
142                <action android:name="androidx.profileinstaller.action.SKIP_FILE" />
142-->[androidx.profileinstaller:profileinstaller:1.3.1] AndroidManifest.xml:44:17-85
142-->[androidx.profileinstaller:profileinstaller:1.3.1] AndroidManifest.xml:44:25-82
143            </intent-filter>
144            <intent-filter>
144-->[androidx.profileinstaller:profileinstaller:1.3.1] AndroidManifest.xml:46:13-48:29
145                <action android:name="androidx.profileinstaller.action.SAVE_PROFILE" />
145-->[androidx.profileinstaller:profileinstaller:1.3.1] AndroidManifest.xml:47:17-88
145-->[androidx.profileinstaller:profileinstaller:1.3.1] AndroidManifest.xml:47:25-85
146            </intent-filter>
147            <intent-filter>
147-->[androidx.profileinstaller:profileinstaller:1.3.1] AndroidManifest.xml:49:13-51:29
148                <action android:name="androidx.profileinstaller.action.BENCHMARK_OPERATION" />
148-->[androidx.profileinstaller:profileinstaller:1.3.1] AndroidManifest.xml:50:17-95
148-->[androidx.profileinstaller:profileinstaller:1.3.1] AndroidManifest.xml:50:25-92
149            </intent-filter>
150        </receiver>
151    </application>
152
153</manifest>